2016-01-16 16:13:24 Notice: Notice (8): Undefined property: Cake\ORM\Query::$id in [/home/mascha/workspace/adminsystems/src/Template/Settings/index.ctp, line 21]
Trace:
Cake\Error\BaseErrorHandler::handleError() - CORE/src/Error/BaseErrorHandler.php, line 140
include - APP/Template/Settings/index.ctp, line 21
Cake\View\View::_evaluate() - CORE/src/View/View.php, line 992
Cake\View\View::_render() - CORE/src/View/View.php, line 952
Cake\View\View::render() - CORE/src/View/View.php, line 587
Cake\Controller\Controller::render() - CORE/src/Controller/Controller.php, line 611
Cake\Routing\Dispatcher::_invoke() - CORE/src/Routing/Dispatcher.php, line 120
Cake\Routing\Dispatcher::dispatch() - CORE/src/Routing/Dispatcher.php, line 87
[main] - ROOT/webroot/index.php, line 37



2016-01-16 16:13:24 Notice: Notice (8): Undefined property: Cake\ORM\Query::$name in [/home/mascha/workspace/adminsystems/src/Template/Settings/index.ctp, line 22]
Trace:
Cake\Error\BaseErrorHandler::handleError() - CORE/src/Error/BaseErrorHandler.php, line 140
include - APP/Template/Settings/index.ctp, line 22
Cake\View\View::_evaluate() - CORE/src/View/View.php, line 992
Cake\View\View::_render() - CORE/src/View/View.php, line 952
Cake\View\View::render() - CORE/src/View/View.php, line 587
Cake\Controller\Controller::render() - CORE/src/Controller/Controller.php, line 611
Cake\Routing\Dispatcher::_invoke() - CORE/src/Routing/Dispatcher.php, line 120
Cake\Routing\Dispatcher::dispatch() - CORE/src/Routing/Dispatcher.php, line 87
[main] - ROOT/webroot/index.php, line 37



2016-01-16 16:13:24 Notice: Notice (8): Undefined property: Cake\ORM\Query::$value in [/home/mascha/workspace/adminsystems/src/Template/Settings/index.ctp, line 23]
Trace:
Cake\Error\BaseErrorHandler::handleError() - CORE/src/Error/BaseErrorHandler.php, line 140
include - APP/Template/Settings/index.ctp, line 23
Cake\View\View::_evaluate() - CORE/src/View/View.php, line 992
Cake\View\View::_render() - CORE/src/View/View.php, line 952
Cake\View\View::render() - CORE/src/View/View.php, line 587
Cake\Controller\Controller::render() - CORE/src/Controller/Controller.php, line 611
Cake\Routing\Dispatcher::_invoke() - CORE/src/Routing/Dispatcher.php, line 120
Cake\Routing\Dispatcher::dispatch() - CORE/src/Routing/Dispatcher.php, line 87
[main] - ROOT/webroot/index.php, line 37



2016-01-16 16:13:24 Notice: Notice (8): Undefined property: Cake\ORM\Query::$id in [/home/mascha/workspace/adminsystems/src/Template/Settings/index.ctp, line 25]
Trace:
Cake\Error\BaseErrorHandler::handleError() - CORE/src/Error/BaseErrorHandler.php, line 140
include - APP/Template/Settings/index.ctp, line 25
Cake\View\View::_evaluate() - CORE/src/View/View.php, line 992
Cake\View\View::_render() - CORE/src/View/View.php, line 952
Cake\View\View::render() - CORE/src/View/View.php, line 587
Cake\Controller\Controller::render() - CORE/src/Controller/Controller.php, line 611
Cake\Routing\Dispatcher::_invoke() - CORE/src/Routing/Dispatcher.php, line 120
Cake\Routing\Dispatcher::dispatch() - CORE/src/Routing/Dispatcher.php, line 87
[main] - ROOT/webroot/index.php, line 37



2016-01-16 16:13:24 Notice: Notice (8): Undefined property: Cake\ORM\Query::$id in [/home/mascha/workspace/adminsystems/src/Template/Settings/index.ctp, line 26]
Trace:
Cake\Error\BaseErrorHandler::handleError() - CORE/src/Error/BaseErrorHandler.php, line 140
include - APP/Template/Settings/index.ctp, line 26
Cake\View\View::_evaluate() - CORE/src/View/View.php, line 992
Cake\View\View::_render() - CORE/src/View/View.php, line 952
Cake\View\View::render() - CORE/src/View/View.php, line 587
Cake\Controller\Controller::render() - CORE/src/Controller/Controller.php, line 611
Cake\Routing\Dispatcher::_invoke() - CORE/src/Routing/Dispatcher.php, line 120
Cake\Routing\Dispatcher::dispatch() - CORE/src/Routing/Dispatcher.php, line 87
[main] - ROOT/webroot/index.php, line 37



2016-01-16 16:13:24 Notice: Notice (8): Undefined property: Cake\ORM\Query::$id in [/home/mascha/workspace/adminsystems/src/Template/Settings/index.ctp, line 27]
Trace:
Cake\Error\BaseErrorHandler::handleError() - CORE/src/Error/BaseErrorHandler.php, line 140
include - APP/Template/Settings/index.ctp, line 27
Cake\View\View::_evaluate() - CORE/src/View/View.php, line 992
Cake\View\View::_render() - CORE/src/View/View.php, line 952
Cake\View\View::render() - CORE/src/View/View.php, line 587
Cake\Controller\Controller::render() - CORE/src/Controller/Controller.php, line 611
Cake\Routing\Dispatcher::_invoke() - CORE/src/Routing/Dispatcher.php, line 120
Cake\Routing\Dispatcher::dispatch() - CORE/src/Routing/Dispatcher.php, line 87
[main] - ROOT/webroot/index.php, line 37



2016-01-16 16:13:24 Notice: Notice (8): Undefined property: Cake\ORM\Query::$id in [/home/mascha/workspace/adminsystems/src/Template/Settings/index.ctp, line 27]
Trace:
Cake\Error\BaseErrorHandler::handleError() - CORE/src/Error/BaseErrorHandler.php, line 140
include - APP/Template/Settings/index.ctp, line 27
Cake\View\View::_evaluate() - CORE/src/View/View.php, line 992
Cake\View\View::_render() - CORE/src/View/View.php, line 952
Cake\View\View::render() - CORE/src/View/View.php, line 587
Cake\Controller\Controller::render() - CORE/src/Controller/Controller.php, line 611
Cake\Routing\Dispatcher::_invoke() - CORE/src/Routing/Dispatcher.php, line 120
Cake\Routing\Dispatcher::dispatch() - CORE/src/Routing/Dispatcher.php, line 87
[main] - ROOT/webroot/index.php, line 37



2016-01-16 16:13:24 Notice: Notice (8): Undefined property: Cake\ORM\Query::$id in [/home/mascha/workspace/adminsystems/src/Template/Settings/index.ctp, line 21]
Trace:
Cake\Error\BaseErrorHandler::handleError() - CORE/src/Error/BaseErrorHandler.php, line 140
include - APP/Template/Settings/index.ctp, line 21
Cake\View\View::_evaluate() - CORE/src/View/View.php, line 992
Cake\View\View::_render() - CORE/src/View/View.php, line 952
Cake\View\View::render() - CORE/src/View/View.php, line 587
Cake\Controller\Controller::render() - CORE/src/Controller/Controller.php, line 611
Cake\Routing\Dispatcher::_invoke() - CORE/src/Routing/Dispatcher.php, line 120
Cake\Routing\Dispatcher::dispatch() - CORE/src/Routing/Dispatcher.php, line 87
[main] - ROOT/webroot/index.php, line 37



2016-01-16 16:13:24 Notice: Notice (8): Undefined property: Cake\ORM\Query::$name in [/home/mascha/workspace/adminsystems/src/Template/Settings/index.ctp, line 22]
Trace:
Cake\Error\BaseErrorHandler::handleError() - CORE/src/Error/BaseErrorHandler.php, line 140
include - APP/Template/Settings/index.ctp, line 22
Cake\View\View::_evaluate() - CORE/src/View/View.php, line 992
Cake\View\View::_render() - CORE/src/View/View.php, line 952
Cake\View\View::render() - CORE/src/View/View.php, line 587
Cake\Controller\Controller::render() - CORE/src/Controller/Controller.php, line 611
Cake\Routing\Dispatcher::_invoke() - CORE/src/Routing/Dispatcher.php, line 120
Cake\Routing\Dispatcher::dispatch() - CORE/src/Routing/Dispatcher.php, line 87
[main] - ROOT/webroot/index.php, line 37



2016-01-16 16:13:24 Notice: Notice (8): Undefined property: Cake\ORM\Query::$value in [/home/mascha/workspace/adminsystems/src/Template/Settings/index.ctp, line 23]
Trace:
Cake\Error\BaseErrorHandler::handleError() - CORE/src/Error/BaseErrorHandler.php, line 140
include - APP/Template/Settings/index.ctp, line 23
Cake\View\View::_evaluate() - CORE/src/View/View.php, line 992
Cake\View\View::_render() - CORE/src/View/View.php, line 952
Cake\View\View::render() - CORE/src/View/View.php, line 587
Cake\Controller\Controller::render() - CORE/src/Controller/Controller.php, line 611
Cake\Routing\Dispatcher::_invoke() - CORE/src/Routing/Dispatcher.php, line 120
Cake\Routing\Dispatcher::dispatch() - CORE/src/Routing/Dispatcher.php, line 87
[main] - ROOT/webroot/index.php, line 37



2016-01-16 16:13:24 Notice: Notice (8): Undefined property: Cake\ORM\Query::$id in [/home/mascha/workspace/adminsystems/src/Template/Settings/index.ctp, line 25]
Trace:
Cake\Error\BaseErrorHandler::handleError() - CORE/src/Error/BaseErrorHandler.php, line 140
include - APP/Template/Settings/index.ctp, line 25
Cake\View\View::_evaluate() - CORE/src/View/View.php, line 992
Cake\View\View::_render() - CORE/src/View/View.php, line 952
Cake\View\View::render() - CORE/src/View/View.php, line 587
Cake\Controller\Controller::render() - CORE/src/Controller/Controller.php, line 611
Cake\Routing\Dispatcher::_invoke() - CORE/src/Routing/Dispatcher.php, line 120
Cake\Routing\Dispatcher::dispatch() - CORE/src/Routing/Dispatcher.php, line 87
[main] - ROOT/webroot/index.php, line 37



2016-01-16 16:13:24 Notice: Notice (8): Undefined property: Cake\ORM\Query::$id in [/home/mascha/workspace/adminsystems/src/Template/Settings/index.ctp, line 26]
Trace:
Cake\Error\BaseErrorHandler::handleError() - CORE/src/Error/BaseErrorHandler.php, line 140
include - APP/Template/Settings/index.ctp, line 26
Cake\View\View::_evaluate() - CORE/src/View/View.php, line 992
Cake\View\View::_render() - CORE/src/View/View.php, line 952
Cake\View\View::render() - CORE/src/View/View.php, line 587
Cake\Controller\Controller::render() - CORE/src/Controller/Controller.php, line 611
Cake\Routing\Dispatcher::_invoke() - CORE/src/Routing/Dispatcher.php, line 120
Cake\Routing\Dispatcher::dispatch() - CORE/src/Routing/Dispatcher.php, line 87
[main] - ROOT/webroot/index.php, line 37



2016-01-16 16:13:24 Notice: Notice (8): Undefined property: Cake\ORM\Query::$id in [/home/mascha/workspace/adminsystems/src/Template/Settings/index.ctp, line 27]
Trace:
Cake\Error\BaseErrorHandler::handleError() - CORE/src/Error/BaseErrorHandler.php, line 140
include - APP/Template/Settings/index.ctp, line 27
Cake\View\View::_evaluate() - CORE/src/View/View.php, line 992
Cake\View\View::_render() - CORE/src/View/View.php, line 952
Cake\View\View::render() - CORE/src/View/View.php, line 587
Cake\Controller\Controller::render() - CORE/src/Controller/Controller.php, line 611
Cake\Routing\Dispatcher::_invoke() - CORE/src/Routing/Dispatcher.php, line 120
Cake\Routing\Dispatcher::dispatch() - CORE/src/Routing/Dispatcher.php, line 87
[main] - ROOT/webroot/index.php, line 37



2016-01-16 16:13:24 Notice: Notice (8): Undefined property: Cake\ORM\Query::$id in [/home/mascha/workspace/adminsystems/src/Template/Settings/index.ctp, line 27]
Trace:
Cake\Error\BaseErrorHandler::handleError() - CORE/src/Error/BaseErrorHandler.php, line 140
include - APP/Template/Settings/index.ctp, line 27
Cake\View\View::_evaluate() - CORE/src/View/View.php, line 992
Cake\View\View::_render() - CORE/src/View/View.php, line 952
Cake\View\View::render() - CORE/src/View/View.php, line 587
Cake\Controller\Controller::render() - CORE/src/Controller/Controller.php, line 611
Cake\Routing\Dispatcher::_invoke() - CORE/src/Routing/Dispatcher.php, line 120
Cake\Routing\Dispatcher::dispatch() - CORE/src/Routing/Dispatcher.php, line 87
[main] - ROOT/webroot/index.php, line 37



2016-01-16 16:13:24 Notice: Notice (8): Undefined index: pageCount in [/home/mascha/workspace/adminsystems/vendor/cakephp/cakephp/src/View/Helper/PaginatorHelper.php, line 670]
Trace:
Cake\Error\BaseErrorHandler::handleError() - CORE/src/Error/BaseErrorHandler.php, line 140
Cake\View\Helper\PaginatorHelper::numbers() - CORE/src/View/Helper/PaginatorHelper.php, line 670
include - APP/Template/Settings/index.ctp, line 36
Cake\View\View::_evaluate() - CORE/src/View/View.php, line 992
Cake\View\View::_render() - CORE/src/View/View.php, line 952
Cake\View\View::render() - CORE/src/View/View.php, line 587
Cake\Controller\Controller::render() - CORE/src/Controller/Controller.php, line 611
Cake\Routing\Dispatcher::_invoke() - CORE/src/Routing/Dispatcher.php, line 120
Cake\Routing\Dispatcher::dispatch() - CORE/src/Routing/Dispatcher.php, line 87
[main] - ROOT/webroot/index.php, line 37



2016-01-16 16:13:24 Notice: Notice (8): Undefined index: pageCount in [/home/mascha/workspace/adminsystems/vendor/cakephp/cakephp/src/View/Helper/PaginatorHelper.php, line 589]
Trace:
Cake\Error\BaseErrorHandler::handleError() - CORE/src/Error/BaseErrorHandler.php, line 140
Cake\View\Helper\PaginatorHelper::counter() - CORE/src/View/Helper/PaginatorHelper.php, line 589
include - APP/Template/Settings/index.ctp, line 39
Cake\View\View::_evaluate() - CORE/src/View/View.php, line 992
Cake\View\View::_render() - CORE/src/View/View.php, line 952
Cake\View\View::render() - CORE/src/View/View.php, line 587
Cake\Controller\Controller::render() - CORE/src/Controller/Controller.php, line 611
Cake\Routing\Dispatcher::_invoke() - CORE/src/Routing/Dispatcher.php, line 120
Cake\Routing\Dispatcher::dispatch() - CORE/src/Routing/Dispatcher.php, line 87
[main] - ROOT/webroot/index.php, line 37



2016-01-16 16:13:24 Notice: Notice (8): Undefined index: count in [/home/mascha/workspace/adminsystems/vendor/cakephp/cakephp/src/View/Helper/PaginatorHelper.php, line 593]
Trace:
Cake\Error\BaseErrorHandler::handleError() - CORE/src/Error/BaseErrorHandler.php, line 140
Cake\View\Helper\PaginatorHelper::counter() - CORE/src/View/Helper/PaginatorHelper.php, line 593
include - APP/Template/Settings/index.ctp, line 39
Cake\View\View::_evaluate() - CORE/src/View/View.php, line 992
Cake\View\View::_render() - CORE/src/View/View.php, line 952
Cake\View\View::render() - CORE/src/View/View.php, line 587
Cake\Controller\Controller::render() - CORE/src/Controller/Controller.php, line 611
Cake\Routing\Dispatcher::_invoke() - CORE/src/Routing/Dispatcher.php, line 120
Cake\Routing\Dispatcher::dispatch() - CORE/src/Routing/Dispatcher.php, line 87
[main] - ROOT/webroot/index.php, line 37



2016-01-16 16:13:24 Notice: Notice (8): Undefined index: perPage in [/home/mascha/workspace/adminsystems/vendor/cakephp/cakephp/src/View/Helper/PaginatorHelper.php, line 596]
Trace:
Cake\Error\BaseErrorHandler::handleError() - CORE/src/Error/BaseErrorHandler.php, line 140
Cake\View\Helper\PaginatorHelper::counter() - CORE/src/View/Helper/PaginatorHelper.php, line 596
include - APP/Template/Settings/index.ctp, line 39
Cake\View\View::_evaluate() - CORE/src/View/View.php, line 992
Cake\View\View::_render() - CORE/src/View/View.php, line 952
Cake\View\View::render() - CORE/src/View/View.php, line 587
Cake\Controller\Controller::render() - CORE/src/Controller/Controller.php, line 611
Cake\Routing\Dispatcher::_invoke() - CORE/src/Routing/Dispatcher.php, line 120
Cake\Routing\Dispatcher::dispatch() - CORE/src/Routing/Dispatcher.php, line 87
[main] - ROOT/webroot/index.php, line 37



2016-01-16 16:13:24 Notice: Notice (8): Undefined index: count in [/home/mascha/workspace/adminsystems/vendor/cakephp/cakephp/src/View/Helper/PaginatorHelper.php, line 597]
Trace:
Cake\Error\BaseErrorHandler::handleError() - CORE/src/Error/BaseErrorHandler.php, line 140
Cake\View\Helper\PaginatorHelper::counter() - CORE/src/View/Helper/PaginatorHelper.php, line 597
include - APP/Template/Settings/index.ctp, line 39
Cake\View\View::_evaluate() - CORE/src/View/View.php, line 992
Cake\View\View::_render() - CORE/src/View/View.php, line 952
Cake\View\View::render() - CORE/src/View/View.php, line 587
Cake\Controller\Controller::render() - CORE/src/Controller/Controller.php, line 611
Cake\Routing\Dispatcher::_invoke() - CORE/src/Routing/Dispatcher.php, line 120
Cake\Routing\Dispatcher::dispatch() - CORE/src/Routing/Dispatcher.php, line 87
[main] - ROOT/webroot/index.php, line 37



2016-01-16 16:13:24 Notice: Notice (8): Undefined index: count in [/home/mascha/workspace/adminsystems/vendor/cakephp/cakephp/src/View/Helper/PaginatorHelper.php, line 598]
Trace:
Cake\Error\BaseErrorHandler::handleError() - CORE/src/Error/BaseErrorHandler.php, line 140
Cake\View\Helper\PaginatorHelper::counter() - CORE/src/View/Helper/PaginatorHelper.php, line 598
include - APP/Template/Settings/index.ctp, line 39
Cake\View\View::_evaluate() - CORE/src/View/View.php, line 992
Cake\View\View::_render() - CORE/src/View/View.php, line 952
Cake\View\View::render() - CORE/src/View/View.php, line 587
Cake\Controller\Controller::render() - CORE/src/Controller/Controller.php, line 611
Cake\Routing\Dispatcher::_invoke() - CORE/src/Routing/Dispatcher.php, line 120
Cake\Routing\Dispatcher::dispatch() - CORE/src/Routing/Dispatcher.php, line 87
[main] - ROOT/webroot/index.php, line 37



2016-01-16 16:13:24 Notice: Notice (8): Undefined index: page in [/home/mascha/workspace/adminsystems/vendor/cakephp/cakephp/src/View/Helper/PaginatorHelper.php, line 611]
Trace:
Cake\Error\BaseErrorHandler::handleError() - CORE/src/Error/BaseErrorHandler.php, line 140
Cake\View\Helper\PaginatorHelper::counter() - CORE/src/View/Helper/PaginatorHelper.php, line 611
include - APP/Template/Settings/index.ctp, line 39
Cake\View\View::_evaluate() - CORE/src/View/View.php, line 992
Cake\View\View::_render() - CORE/src/View/View.php, line 952
Cake\View\View::render() - CORE/src/View/View.php, line 587
Cake\Controller\Controller::render() - CORE/src/Controller/Controller.php, line 611
Cake\Routing\Dispatcher::_invoke() - CORE/src/Routing/Dispatcher.php, line 120
Cake\Routing\Dispatcher::dispatch() - CORE/src/Routing/Dispatcher.php, line 87
[main] - ROOT/webroot/index.php, line 37



2016-01-16 16:13:24 Notice: Notice (8): Undefined index: current in [/home/mascha/workspace/adminsystems/vendor/cakephp/cakephp/src/View/Helper/PaginatorHelper.php, line 613]
Trace:
Cake\Error\BaseErrorHandler::handleError() - CORE/src/Error/BaseErrorHandler.php, line 140
Cake\View\Helper\PaginatorHelper::counter() - CORE/src/View/Helper/PaginatorHelper.php, line 613
include - APP/Template/Settings/index.ctp, line 39
Cake\View\View::_evaluate() - CORE/src/View/View.php, line 992
Cake\View\View::_render() - CORE/src/View/View.php, line 952
Cake\View\View::render() - CORE/src/View/View.php, line 587
Cake\Controller\Controller::render() - CORE/src/Controller/Controller.php, line 611
Cake\Routing\Dispatcher::_invoke() - CORE/src/Routing/Dispatcher.php, line 120
Cake\Routing\Dispatcher::dispatch() - CORE/src/Routing/Dispatcher.php, line 87
[main] - ROOT/webroot/index.php, line 37



2016-01-16 16:13:24 Notice: Notice (8): Undefined index: count in [/home/mascha/workspace/adminsystems/vendor/cakephp/cakephp/src/View/Helper/PaginatorHelper.php, line 614]
Trace:
Cake\Error\BaseErrorHandler::handleError() - CORE/src/Error/BaseErrorHandler.php, line 140
Cake\View\Helper\PaginatorHelper::counter() - CORE/src/View/Helper/PaginatorHelper.php, line 614
include - APP/Template/Settings/index.ctp, line 39
Cake\View\View::_evaluate() - CORE/src/View/View.php, line 992
Cake\View\View::_render() - CORE/src/View/View.php, line 952
Cake\View\View::render() - CORE/src/View/View.php, line 587
Cake\Controller\Controller::render() - CORE/src/Controller/Controller.php, line 611
Cake\Routing\Dispatcher::_invoke() - CORE/src/Routing/Dispatcher.php, line 120
Cake\Routing\Dispatcher::dispatch() - CORE/src/Routing/Dispatcher.php, line 87
[main] - ROOT/webroot/index.php, line 37



2016-01-16 16:13:25 Notice: Notice (8): Undefined property: Cake\ORM\Query::$id in [/home/mascha/workspace/adminsystems/src/Template/Settings/index.ctp, line 21]
Trace:
Cake\Error\BaseErrorHandler::handleError() - CORE/src/Error/BaseErrorHandler.php, line 140
include - APP/Template/Settings/index.ctp, line 21
Cake\View\View::_evaluate() - CORE/src/View/View.php, line 992
Cake\View\View::_render() - CORE/src/View/View.php, line 952
Cake\View\View::render() - CORE/src/View/View.php, line 587
Cake\Controller\Controller::render() - CORE/src/Controller/Controller.php, line 611
Cake\Routing\Dispatcher::_invoke() - CORE/src/Routing/Dispatcher.php, line 120
Cake\Routing\Dispatcher::dispatch() - CORE/src/Routing/Dispatcher.php, line 87
[main] - ROOT/webroot/index.php, line 37



2016-01-16 16:13:25 Notice: Notice (8): Undefined property: Cake\ORM\Query::$name in [/home/mascha/workspace/adminsystems/src/Template/Settings/index.ctp, line 22]
Trace:
Cake\Error\BaseErrorHandler::handleError() - CORE/src/Error/BaseErrorHandler.php, line 140
include - APP/Template/Settings/index.ctp, line 22
Cake\View\View::_evaluate() - CORE/src/View/View.php, line 992
Cake\View\View::_render() - CORE/src/View/View.php, line 952
Cake\View\View::render() - CORE/src/View/View.php, line 587
Cake\Controller\Controller::render() - CORE/src/Controller/Controller.php, line 611
Cake\Routing\Dispatcher::_invoke() - CORE/src/Routing/Dispatcher.php, line 120
Cake\Routing\Dispatcher::dispatch() - CORE/src/Routing/Dispatcher.php, line 87
[main] - ROOT/webroot/index.php, line 37



2016-01-16 16:13:25 Notice: Notice (8): Undefined property: Cake\ORM\Query::$value in [/home/mascha/workspace/adminsystems/src/Template/Settings/index.ctp, line 23]
Trace:
Cake\Error\BaseErrorHandler::handleError() - CORE/src/Error/BaseErrorHandler.php, line 140
include - APP/Template/Settings/index.ctp, line 23
Cake\View\View::_evaluate() - CORE/src/View/View.php, line 992
Cake\View\View::_render() - CORE/src/View/View.php, line 952
Cake\View\View::render() - CORE/src/View/View.php, line 587
Cake\Controller\Controller::render() - CORE/src/Controller/Controller.php, line 611
Cake\Routing\Dispatcher::_invoke() - CORE/src/Routing/Dispatcher.php, line 120
Cake\Routing\Dispatcher::dispatch() - CORE/src/Routing/Dispatcher.php, line 87
[main] - ROOT/webroot/index.php, line 37



2016-01-16 16:13:25 Notice: Notice (8): Undefined property: Cake\ORM\Query::$id in [/home/mascha/workspace/adminsystems/src/Template/Settings/index.ctp, line 25]
Trace:
Cake\Error\BaseErrorHandler::handleError() - CORE/src/Error/BaseErrorHandler.php, line 140
include - APP/Template/Settings/index.ctp, line 25
Cake\View\View::_evaluate() - CORE/src/View/View.php, line 992
Cake\View\View::_render() - CORE/src/View/View.php, line 952
Cake\View\View::render() - CORE/src/View/View.php, line 587
Cake\Controller\Controller::render() - CORE/src/Controller/Controller.php, line 611
Cake\Routing\Dispatcher::_invoke() - CORE/src/Routing/Dispatcher.php, line 120
Cake\Routing\Dispatcher::dispatch() - CORE/src/Routing/Dispatcher.php, line 87
[main] - ROOT/webroot/index.php, line 37



2016-01-16 16:13:25 Notice: Notice (8): Undefined property: Cake\ORM\Query::$id in [/home/mascha/workspace/adminsystems/src/Template/Settings/index.ctp, line 26]
Trace:
Cake\Error\BaseErrorHandler::handleError() - CORE/src/Error/BaseErrorHandler.php, line 140
include - APP/Template/Settings/index.ctp, line 26
Cake\View\View::_evaluate() - CORE/src/View/View.php, line 992
Cake\View\View::_render() - CORE/src/View/View.php, line 952
Cake\View\View::render() - CORE/src/View/View.php, line 587
Cake\Controller\Controller::render() - CORE/src/Controller/Controller.php, line 611
Cake\Routing\Dispatcher::_invoke() - CORE/src/Routing/Dispatcher.php, line 120
Cake\Routing\Dispatcher::dispatch() - CORE/src/Routing/Dispatcher.php, line 87
[main] - ROOT/webroot/index.php, line 37



2016-01-16 16:13:25 Notice: Notice (8): Undefined property: Cake\ORM\Query::$id in [/home/mascha/workspace/adminsystems/src/Template/Settings/index.ctp, line 27]
Trace:
Cake\Error\BaseErrorHandler::handleError() - CORE/src/Error/BaseErrorHandler.php, line 140
include - APP/Template/Settings/index.ctp, line 27
Cake\View\View::_evaluate() - CORE/src/View/View.php, line 992
Cake\View\View::_render() - CORE/src/View/View.php, line 952
Cake\View\View::render() - CORE/src/View/View.php, line 587
Cake\Controller\Controller::render() - CORE/src/Controller/Controller.php, line 611
Cake\Routing\Dispatcher::_invoke() - CORE/src/Routing/Dispatcher.php, line 120
Cake\Routing\Dispatcher::dispatch() - CORE/src/Routing/Dispatcher.php, line 87
[main] - ROOT/webroot/index.php, line 37



2016-01-16 16:13:25 Notice: Notice (8): Undefined property: Cake\ORM\Query::$id in [/home/mascha/workspace/adminsystems/src/Template/Settings/index.ctp, line 27]
Trace:
Cake\Error\BaseErrorHandler::handleError() - CORE/src/Error/BaseErrorHandler.php, line 140
include - APP/Template/Settings/index.ctp, line 27
Cake\View\View::_evaluate() - CORE/src/View/View.php, line 992
Cake\View\View::_render() - CORE/src/View/View.php, line 952
Cake\View\View::render() - CORE/src/View/View.php, line 587
Cake\Controller\Controller::render() - CORE/src/Controller/Controller.php, line 611
Cake\Routing\Dispatcher::_invoke() - CORE/src/Routing/Dispatcher.php, line 120
Cake\Routing\Dispatcher::dispatch() - CORE/src/Routing/Dispatcher.php, line 87
[main] - ROOT/webroot/index.php, line 37



2016-01-16 16:13:25 Notice: Notice (8): Undefined property: Cake\ORM\Query::$id in [/home/mascha/workspace/adminsystems/src/Template/Settings/index.ctp, line 21]
Trace:
Cake\Error\BaseErrorHandler::handleError() - CORE/src/Error/BaseErrorHandler.php, line 140
include - APP/Template/Settings/index.ctp, line 21
Cake\View\View::_evaluate() - CORE/src/View/View.php, line 992
Cake\View\View::_render() - CORE/src/View/View.php, line 952
Cake\View\View::render() - CORE/src/View/View.php, line 587
Cake\Controller\Controller::render() - CORE/src/Controller/Controller.php, line 611
Cake\Routing\Dispatcher::_invoke() - CORE/src/Routing/Dispatcher.php, line 120
Cake\Routing\Dispatcher::dispatch() - CORE/src/Routing/Dispatcher.php, line 87
[main] - ROOT/webroot/index.php, line 37



2016-01-16 16:13:25 Notice: Notice (8): Undefined property: Cake\ORM\Query::$name in [/home/mascha/workspace/adminsystems/src/Template/Settings/index.ctp, line 22]
Trace:
Cake\Error\BaseErrorHandler::handleError() - CORE/src/Error/BaseErrorHandler.php, line 140
include - APP/Template/Settings/index.ctp, line 22
Cake\View\View::_evaluate() - CORE/src/View/View.php, line 992
Cake\View\View::_render() - CORE/src/View/View.php, line 952
Cake\View\View::render() - CORE/src/View/View.php, line 587
Cake\Controller\Controller::render() - CORE/src/Controller/Controller.php, line 611
Cake\Routing\Dispatcher::_invoke() - CORE/src/Routing/Dispatcher.php, line 120
Cake\Routing\Dispatcher::dispatch() - CORE/src/Routing/Dispatcher.php, line 87
[main] - ROOT/webroot/index.php, line 37



2016-01-16 16:13:25 Notice: Notice (8): Undefined property: Cake\ORM\Query::$value in [/home/mascha/workspace/adminsystems/src/Template/Settings/index.ctp, line 23]
Trace:
Cake\Error\BaseErrorHandler::handleError() - CORE/src/Error/BaseErrorHandler.php, line 140
include - APP/Template/Settings/index.ctp, line 23
Cake\View\View::_evaluate() - CORE/src/View/View.php, line 992
Cake\View\View::_render() - CORE/src/View/View.php, line 952
Cake\View\View::render() - CORE/src/View/View.php, line 587
Cake\Controller\Controller::render() - CORE/src/Controller/Controller.php, line 611
Cake\Routing\Dispatcher::_invoke() - CORE/src/Routing/Dispatcher.php, line 120
Cake\Routing\Dispatcher::dispatch() - CORE/src/Routing/Dispatcher.php, line 87
[main] - ROOT/webroot/index.php, line 37



2016-01-16 16:13:25 Notice: Notice (8): Undefined property: Cake\ORM\Query::$id in [/home/mascha/workspace/adminsystems/src/Template/Settings/index.ctp, line 25]
Trace:
Cake\Error\BaseErrorHandler::handleError() - CORE/src/Error/BaseErrorHandler.php, line 140
include - APP/Template/Settings/index.ctp, line 25
Cake\View\View::_evaluate() - CORE/src/View/View.php, line 992
Cake\View\View::_render() - CORE/src/View/View.php, line 952
Cake\View\View::render() - CORE/src/View/View.php, line 587
Cake\Controller\Controller::render() - CORE/src/Controller/Controller.php, line 611
Cake\Routing\Dispatcher::_invoke() - CORE/src/Routing/Dispatcher.php, line 120
Cake\Routing\Dispatcher::dispatch() - CORE/src/Routing/Dispatcher.php, line 87
[main] - ROOT/webroot/index.php, line 37



2016-01-16 16:13:25 Notice: Notice (8): Undefined property: Cake\ORM\Query::$id in [/home/mascha/workspace/adminsystems/src/Template/Settings/index.ctp, line 26]
Trace:
Cake\Error\BaseErrorHandler::handleError() - CORE/src/Error/BaseErrorHandler.php, line 140
include - APP/Template/Settings/index.ctp, line 26
Cake\View\View::_evaluate() - CORE/src/View/View.php, line 992
Cake\View\View::_render() - CORE/src/View/View.php, line 952
Cake\View\View::render() - CORE/src/View/View.php, line 587
Cake\Controller\Controller::render() - CORE/src/Controller/Controller.php, line 611
Cake\Routing\Dispatcher::_invoke() - CORE/src/Routing/Dispatcher.php, line 120
Cake\Routing\Dispatcher::dispatch() - CORE/src/Routing/Dispatcher.php, line 87
[main] - ROOT/webroot/index.php, line 37



2016-01-16 16:13:25 Notice: Notice (8): Undefined property: Cake\ORM\Query::$id in [/home/mascha/workspace/adminsystems/src/Template/Settings/index.ctp, line 27]
Trace:
Cake\Error\BaseErrorHandler::handleError() - CORE/src/Error/BaseErrorHandler.php, line 140
include - APP/Template/Settings/index.ctp, line 27
Cake\View\View::_evaluate() - CORE/src/View/View.php, line 992
Cake\View\View::_render() - CORE/src/View/View.php, line 952
Cake\View\View::render() - CORE/src/View/View.php, line 587
Cake\Controller\Controller::render() - CORE/src/Controller/Controller.php, line 611
Cake\Routing\Dispatcher::_invoke() - CORE/src/Routing/Dispatcher.php, line 120
Cake\Routing\Dispatcher::dispatch() - CORE/src/Routing/Dispatcher.php, line 87
[main] - ROOT/webroot/index.php, line 37



2016-01-16 16:13:25 Notice: Notice (8): Undefined property: Cake\ORM\Query::$id in [/home/mascha/workspace/adminsystems/src/Template/Settings/index.ctp, line 27]
Trace:
Cake\Error\BaseErrorHandler::handleError() - CORE/src/Error/BaseErrorHandler.php, line 140
include - APP/Template/Settings/index.ctp, line 27
Cake\View\View::_evaluate() - CORE/src/View/View.php, line 992
Cake\View\View::_render() - CORE/src/View/View.php, line 952
Cake\View\View::render() - CORE/src/View/View.php, line 587
Cake\Controller\Controller::render() - CORE/src/Controller/Controller.php, line 611
Cake\Routing\Dispatcher::_invoke() - CORE/src/Routing/Dispatcher.php, line 120
Cake\Routing\Dispatcher::dispatch() - CORE/src/Routing/Dispatcher.php, line 87
[main] - ROOT/webroot/index.php, line 37



2016-01-16 16:13:25 Notice: Notice (8): Undefined index: pageCount in [/home/mascha/workspace/adminsystems/vendor/cakephp/cakephp/src/View/Helper/PaginatorHelper.php, line 670]
Trace:
Cake\Error\BaseErrorHandler::handleError() - CORE/src/Error/BaseErrorHandler.php, line 140
Cake\View\Helper\PaginatorHelper::numbers() - CORE/src/View/Helper/PaginatorHelper.php, line 670
include - APP/Template/Settings/index.ctp, line 36
Cake\View\View::_evaluate() - CORE/src/View/View.php, line 992
Cake\View\View::_render() - CORE/src/View/View.php, line 952
Cake\View\View::render() - CORE/src/View/View.php, line 587
Cake\Controller\Controller::render() - CORE/src/Controller/Controller.php, line 611
Cake\Routing\Dispatcher::_invoke() - CORE/src/Routing/Dispatcher.php, line 120
Cake\Routing\Dispatcher::dispatch() - CORE/src/Routing/Dispatcher.php, line 87
[main] - ROOT/webroot/index.php, line 37



2016-01-16 16:13:25 Notice: Notice (8): Undefined index: pageCount in [/home/mascha/workspace/adminsystems/vendor/cakephp/cakephp/src/View/Helper/PaginatorHelper.php, line 589]
Trace:
Cake\Error\BaseErrorHandler::handleError() - CORE/src/Error/BaseErrorHandler.php, line 140
Cake\View\Helper\PaginatorHelper::counter() - CORE/src/View/Helper/PaginatorHelper.php, line 589
include - APP/Template/Settings/index.ctp, line 39
Cake\View\View::_evaluate() - CORE/src/View/View.php, line 992
Cake\View\View::_render() - CORE/src/View/View.php, line 952
Cake\View\View::render() - CORE/src/View/View.php, line 587
Cake\Controller\Controller::render() - CORE/src/Controller/Controller.php, line 611
Cake\Routing\Dispatcher::_invoke() - CORE/src/Routing/Dispatcher.php, line 120
Cake\Routing\Dispatcher::dispatch() - CORE/src/Routing/Dispatcher.php, line 87
[main] - ROOT/webroot/index.php, line 37



2016-01-16 16:13:25 Notice: Notice (8): Undefined index: count in [/home/mascha/workspace/adminsystems/vendor/cakephp/cakephp/src/View/Helper/PaginatorHelper.php, line 593]
Trace:
Cake\Error\BaseErrorHandler::handleError() - CORE/src/Error/BaseErrorHandler.php, line 140
Cake\View\Helper\PaginatorHelper::counter() - CORE/src/View/Helper/PaginatorHelper.php, line 593
include - APP/Template/Settings/index.ctp, line 39
Cake\View\View::_evaluate() - CORE/src/View/View.php, line 992
Cake\View\View::_render() - CORE/src/View/View.php, line 952
Cake\View\View::render() - CORE/src/View/View.php, line 587
Cake\Controller\Controller::render() - CORE/src/Controller/Controller.php, line 611
Cake\Routing\Dispatcher::_invoke() - CORE/src/Routing/Dispatcher.php, line 120
Cake\Routing\Dispatcher::dispatch() - CORE/src/Routing/Dispatcher.php, line 87
[main] - ROOT/webroot/index.php, line 37



2016-01-16 16:13:25 Notice: Notice (8): Undefined index: perPage in [/home/mascha/workspace/adminsystems/vendor/cakephp/cakephp/src/View/Helper/PaginatorHelper.php, line 596]
Trace:
Cake\Error\BaseErrorHandler::handleError() - CORE/src/Error/BaseErrorHandler.php, line 140
Cake\View\Helper\PaginatorHelper::counter() - CORE/src/View/Helper/PaginatorHelper.php, line 596
include - APP/Template/Settings/index.ctp, line 39
Cake\View\View::_evaluate() - CORE/src/View/View.php, line 992
Cake\View\View::_render() - CORE/src/View/View.php, line 952
Cake\View\View::render() - CORE/src/View/View.php, line 587
Cake\Controller\Controller::render() - CORE/src/Controller/Controller.php, line 611
Cake\Routing\Dispatcher::_invoke() - CORE/src/Routing/Dispatcher.php, line 120
Cake\Routing\Dispatcher::dispatch() - CORE/src/Routing/Dispatcher.php, line 87
[main] - ROOT/webroot/index.php, line 37



2016-01-16 16:13:25 Notice: Notice (8): Undefined index: count in [/home/mascha/workspace/adminsystems/vendor/cakephp/cakephp/src/View/Helper/PaginatorHelper.php, line 597]
Trace:
Cake\Error\BaseErrorHandler::handleError() - CORE/src/Error/BaseErrorHandler.php, line 140
Cake\View\Helper\PaginatorHelper::counter() - CORE/src/View/Helper/PaginatorHelper.php, line 597
include - APP/Template/Settings/index.ctp, line 39
Cake\View\View::_evaluate() - CORE/src/View/View.php, line 992
Cake\View\View::_render() - CORE/src/View/View.php, line 952
Cake\View\View::render() - CORE/src/View/View.php, line 587
Cake\Controller\Controller::render() - CORE/src/Controller/Controller.php, line 611
Cake\Routing\Dispatcher::_invoke() - CORE/src/Routing/Dispatcher.php, line 120
Cake\Routing\Dispatcher::dispatch() - CORE/src/Routing/Dispatcher.php, line 87
[main] - ROOT/webroot/index.php, line 37



2016-01-16 16:13:25 Notice: Notice (8): Undefined index: count in [/home/mascha/workspace/adminsystems/vendor/cakephp/cakephp/src/View/Helper/PaginatorHelper.php, line 598]
Trace:
Cake\Error\BaseErrorHandler::handleError() - CORE/src/Error/BaseErrorHandler.php, line 140
Cake\View\Helper\PaginatorHelper::counter() - CORE/src/View/Helper/PaginatorHelper.php, line 598
include - APP/Template/Settings/index.ctp, line 39
Cake\View\View::_evaluate() - CORE/src/View/View.php, line 992
Cake\View\View::_render() - CORE/src/View/View.php, line 952
Cake\View\View::render() - CORE/src/View/View.php, line 587
Cake\Controller\Controller::render() - CORE/src/Controller/Controller.php, line 611
Cake\Routing\Dispatcher::_invoke() - CORE/src/Routing/Dispatcher.php, line 120
Cake\Routing\Dispatcher::dispatch() - CORE/src/Routing/Dispatcher.php, line 87
[main] - ROOT/webroot/index.php, line 37



2016-01-16 16:13:25 Notice: Notice (8): Undefined index: page in [/home/mascha/workspace/adminsystems/vendor/cakephp/cakephp/src/View/Helper/PaginatorHelper.php, line 611]
Trace:
Cake\Error\BaseErrorHandler::handleError() - CORE/src/Error/BaseErrorHandler.php, line 140
Cake\View\Helper\PaginatorHelper::counter() - CORE/src/View/Helper/PaginatorHelper.php, line 611
include - APP/Template/Settings/index.ctp, line 39
Cake\View\View::_evaluate() - CORE/src/View/View.php, line 992
Cake\View\View::_render() - CORE/src/View/View.php, line 952
Cake\View\View::render() - CORE/src/View/View.php, line 587
Cake\Controller\Controller::render() - CORE/src/Controller/Controller.php, line 611
Cake\Routing\Dispatcher::_invoke() - CORE/src/Routing/Dispatcher.php, line 120
Cake\Routing\Dispatcher::dispatch() - CORE/src/Routing/Dispatcher.php, line 87
[main] - ROOT/webroot/index.php, line 37



2016-01-16 16:13:25 Notice: Notice (8): Undefined index: current in [/home/mascha/workspace/adminsystems/vendor/cakephp/cakephp/src/View/Helper/PaginatorHelper.php, line 613]
Trace:
Cake\Error\BaseErrorHandler::handleError() - CORE/src/Error/BaseErrorHandler.php, line 140
Cake\View\Helper\PaginatorHelper::counter() - CORE/src/View/Helper/PaginatorHelper.php, line 613
include - APP/Template/Settings/index.ctp, line 39
Cake\View\View::_evaluate() - CORE/src/View/View.php, line 992
Cake\View\View::_render() - CORE/src/View/View.php, line 952
Cake\View\View::render() - CORE/src/View/View.php, line 587
Cake\Controller\Controller::render() - CORE/src/Controller/Controller.php, line 611
Cake\Routing\Dispatcher::_invoke() - CORE/src/Routing/Dispatcher.php, line 120
Cake\Routing\Dispatcher::dispatch() - CORE/src/Routing/Dispatcher.php, line 87
[main] - ROOT/webroot/index.php, line 37



2016-01-16 16:13:25 Notice: Notice (8): Undefined index: count in [/home/mascha/workspace/adminsystems/vendor/cakephp/cakephp/src/View/Helper/PaginatorHelper.php, line 614]
Trace:
Cake\Error\BaseErrorHandler::handleError() - CORE/src/Error/BaseErrorHandler.php, line 140
Cake\View\Helper\PaginatorHelper::counter() - CORE/src/View/Helper/PaginatorHelper.php, line 614
include - APP/Template/Settings/index.ctp, line 39
Cake\View\View::_evaluate() - CORE/src/View/View.php, line 992
Cake\View\View::_render() - CORE/src/View/View.php, line 952
Cake\View\View::render() - CORE/src/View/View.php, line 587
Cake\Controller\Controller::render() - CORE/src/Controller/Controller.php, line 611
Cake\Routing\Dispatcher::_invoke() - CORE/src/Routing/Dispatcher.php, line 120
Cake\Routing\Dispatcher::dispatch() - CORE/src/Routing/Dispatcher.php, line 87
[main] - ROOT/webroot/index.php, line 37



2016-01-17 14:51:54 Notice: Notice (8): Undefined variable: cakeDescription in [/home/mascha/workspace/adminsystems/src/Template/Layout/default.ctp, line 36]
Trace:
Cake\Error\BaseErrorHandler::handleError() - CORE/src/Error/BaseErrorHandler.php, line 140
include - APP/Template/Layout/default.ctp, line 36
Cake\View\View::_evaluate() - CORE/src/View/View.php, line 992
Cake\View\View::_render() - CORE/src/View/View.php, line 952
Cake\View\View::renderLayout() - CORE/src/View/View.php, line 633
Cake\View\View::render() - CORE/src/View/View.php, line 592
Cake\Controller\Controller::render() - CORE/src/Controller/Controller.php, line 611
Cake\Routing\Dispatcher::_invoke() - CORE/src/Routing/Dispatcher.php, line 120
Cake\Routing\Dispatcher::dispatch() - CORE/src/Routing/Dispatcher.php, line 87
[main] - ROOT/webroot/index.php, line 37



2016-01-17 14:51:55 Notice: Notice (8): Undefined variable: cakeDescription in [/home/mascha/workspace/adminsystems/src/Template/Layout/default.ctp, line 36]
Trace:
Cake\Error\BaseErrorHandler::handleError() - CORE/src/Error/BaseErrorHandler.php, line 140
include - APP/Template/Layout/default.ctp, line 36
Cake\View\View::_evaluate() - CORE/src/View/View.php, line 992
Cake\View\View::_render() - CORE/src/View/View.php, line 952
Cake\View\View::renderLayout() - CORE/src/View/View.php, line 633
Cake\View\View::render() - CORE/src/View/View.php, line 592
Cake\Controller\Controller::render() - CORE/src/Controller/Controller.php, line 611
Cake\Routing\Dispatcher::_invoke() - CORE/src/Routing/Dispatcher.php, line 120
Cake\Routing\Dispatcher::dispatch() - CORE/src/Routing/Dispatcher.php, line 87
[main] - ROOT/webroot/index.php, line 37



2016-01-17 14:51:57 Notice: Notice (8): Undefined variable: cakeDescription in [/home/mascha/workspace/adminsystems/src/Template/Layout/default.ctp, line 36]
Trace:
Cake\Error\BaseErrorHandler::handleError() - CORE/src/Error/BaseErrorHandler.php, line 140
include - APP/Template/Layout/default.ctp, line 36
Cake\View\View::_evaluate() - CORE/src/View/View.php, line 992
Cake\View\View::_render() - CORE/src/View/View.php, line 952
Cake\View\View::renderLayout() - CORE/src/View/View.php, line 633
Cake\View\View::render() - CORE/src/View/View.php, line 592
Cake\Controller\Controller::render() - CORE/src/Controller/Controller.php, line 611
Cake\Routing\Dispatcher::_invoke() - CORE/src/Routing/Dispatcher.php, line 120
Cake\Routing\Dispatcher::dispatch() - CORE/src/Routing/Dispatcher.php, line 87
[main] - ROOT/webroot/index.php, line 37



2016-01-17 14:52:07 Notice: Notice (8): Undefined variable: cakeDescription in [/home/mascha/workspace/adminsystems/src/Template/Layout/default.ctp, line 36]
Trace:
Cake\Error\BaseErrorHandler::handleError() - CORE/src/Error/BaseErrorHandler.php, line 140
include - APP/Template/Layout/default.ctp, line 36
Cake\View\View::_evaluate() - CORE/src/View/View.php, line 992
Cake\View\View::_render() - CORE/src/View/View.php, line 952
Cake\View\View::renderLayout() - CORE/src/View/View.php, line 633
Cake\View\View::render() - CORE/src/View/View.php, line 592
Cake\Controller\Controller::render() - CORE/src/Controller/Controller.php, line 611
Cake\Routing\Dispatcher::_invoke() - CORE/src/Routing/Dispatcher.php, line 120
Cake\Routing\Dispatcher::dispatch() - CORE/src/Routing/Dispatcher.php, line 87
[main] - ROOT/webroot/index.php, line 37



2016-01-17 14:52:08 Notice: Notice (8): Undefined variable: cakeDescription in [/home/mascha/workspace/adminsystems/src/Template/Layout/default.ctp, line 36]
Trace:
Cake\Error\BaseErrorHandler::handleError() - CORE/src/Error/BaseErrorHandler.php, line 140
include - APP/Template/Layout/default.ctp, line 36
Cake\View\View::_evaluate() - CORE/src/View/View.php, line 992
Cake\View\View::_render() - CORE/src/View/View.php, line 952
Cake\View\View::renderLayout() - CORE/src/View/View.php, line 633
Cake\View\View::render() - CORE/src/View/View.php, line 592
Cake\Controller\Controller::render() - CORE/src/Controller/Controller.php, line 611
Cake\Routing\Dispatcher::_invoke() - CORE/src/Routing/Dispatcher.php, line 120
Cake\Routing\Dispatcher::dispatch() - CORE/src/Routing/Dispatcher.php, line 87
[main] - ROOT/webroot/index.php, line 37



2016-01-17 14:53:21 Notice: Notice (8): Undefined variable: cakeDescription in [/home/mascha/workspace/adminsystems/src/Template/Layout/default.ctp, line 37]
Trace:
Cake\Error\BaseErrorHandler::handleError() - CORE/src/Error/BaseErrorHandler.php, line 140
include - APP/Template/Layout/default.ctp, line 37
Cake\View\View::_evaluate() - CORE/src/View/View.php, line 992
Cake\View\View::_render() - CORE/src/View/View.php, line 952
Cake\View\View::renderLayout() - CORE/src/View/View.php, line 633
Cake\View\View::render() - CORE/src/View/View.php, line 592
Cake\Controller\Controller::render() - CORE/src/Controller/Controller.php, line 611
Cake\Routing\Dispatcher::_invoke() - CORE/src/Routing/Dispatcher.php, line 120
Cake\Routing\Dispatcher::dispatch() - CORE/src/Routing/Dispatcher.php, line 87
[main] - ROOT/webroot/index.php, line 37



2016-01-17 14:53:23 Notice: Notice (8): Undefined variable: cakeDescription in [/home/mascha/workspace/adminsystems/src/Template/Layout/default.ctp, line 37]
Trace:
Cake\Error\BaseErrorHandler::handleError() - CORE/src/Error/BaseErrorHandler.php, line 140
include - APP/Template/Layout/default.ctp, line 37
Cake\View\View::_evaluate() - CORE/src/View/View.php, line 992
Cake\View\View::_render() - CORE/src/View/View.php, line 952
Cake\View\View::renderLayout() - CORE/src/View/View.php, line 633
Cake\View\View::render() - CORE/src/View/View.php, line 592
Cake\Controller\Controller::render() - CORE/src/Controller/Controller.php, line 611
Cake\Routing\Dispatcher::_invoke() - CORE/src/Routing/Dispatcher.php, line 120
Cake\Routing\Dispatcher::dispatch() - CORE/src/Routing/Dispatcher.php, line 87
[main] - ROOT/webroot/index.php, line 37



2016-01-17 14:56:45 Notice: Notice (8): Undefined variable: cakeDescription in [/home/mascha/workspace/adminsystems/src/Template/Layout/default.ctp, line 37]
Trace:
Cake\Error\BaseErrorHandler::handleError() - CORE/src/Error/BaseErrorHandler.php, line 140
include - APP/Template/Layout/default.ctp, line 37
Cake\View\View::_evaluate() - CORE/src/View/View.php, line 992
Cake\View\View::_render() - CORE/src/View/View.php, line 952
Cake\View\View::renderLayout() - CORE/src/View/View.php, line 633
Cake\View\View::render() - CORE/src/View/View.php, line 592
Cake\Controller\Controller::render() - CORE/src/Controller/Controller.php, line 611
Cake\Routing\Dispatcher::_invoke() - CORE/src/Routing/Dispatcher.php, line 120
Cake\Routing\Dispatcher::dispatch() - CORE/src/Routing/Dispatcher.php, line 87
[main] - ROOT/webroot/index.php, line 37



2016-01-17 14:56:46 Notice: Notice (8): Undefined variable: cakeDescription in [/home/mascha/workspace/adminsystems/src/Template/Layout/default.ctp, line 37]
Trace:
Cake\Error\BaseErrorHandler::handleError() - CORE/src/Error/BaseErrorHandler.php, line 140
include - APP/Template/Layout/default.ctp, line 37
Cake\View\View::_evaluate() - CORE/src/View/View.php, line 992
Cake\View\View::_render() - CORE/src/View/View.php, line 952
Cake\View\View::renderLayout() - CORE/src/View/View.php, line 633
Cake\View\View::render() - CORE/src/View/View.php, line 592
Cake\Controller\Controller::render() - CORE/src/Controller/Controller.php, line 611
Cake\Routing\Dispatcher::_invoke() - CORE/src/Routing/Dispatcher.php, line 120
Cake\Routing\Dispatcher::dispatch() - CORE/src/Routing/Dispatcher.php, line 87
[main] - ROOT/webroot/index.php, line 37



2016-01-17 14:57:41 Notice: Notice (8): Undefined variable: cakeDescription in [/home/mascha/workspace/adminsystems/src/Template/Layout/default.ctp, line 37]
Trace:
Cake\Error\BaseErrorHandler::handleError() - CORE/src/Error/BaseErrorHandler.php, line 140
include - APP/Template/Layout/default.ctp, line 37
Cake\View\View::_evaluate() - CORE/src/View/View.php, line 992
Cake\View\View::_render() - CORE/src/View/View.php, line 952
Cake\View\View::renderLayout() - CORE/src/View/View.php, line 633
Cake\View\View::render() - CORE/src/View/View.php, line 592
Cake\Controller\Controller::render() - CORE/src/Controller/Controller.php, line 611
Cake\Routing\Dispatcher::_invoke() - CORE/src/Routing/Dispatcher.php, line 120
Cake\Routing\Dispatcher::dispatch() - CORE/src/Routing/Dispatcher.php, line 87
[main] - ROOT/webroot/index.php, line 37



2016-01-17 14:57:49 Notice: Notice (8): Undefined variable: cakeDescription in [/home/mascha/workspace/adminsystems/src/Template/Layout/default.ctp, line 37]
Trace:
Cake\Error\BaseErrorHandler::handleError() - CORE/src/Error/BaseErrorHandler.php, line 140
include - APP/Template/Layout/default.ctp, line 37
Cake\View\View::_evaluate() - CORE/src/View/View.php, line 992
Cake\View\View::_render() - CORE/src/View/View.php, line 952
Cake\View\View::renderLayout() - CORE/src/View/View.php, line 633
Cake\View\View::render() - CORE/src/View/View.php, line 592
Cake\Controller\Controller::render() - CORE/src/Controller/Controller.php, line 611
Cake\Routing\Dispatcher::_invoke() - CORE/src/Routing/Dispatcher.php, line 120
Cake\Routing\Dispatcher::dispatch() - CORE/src/Routing/Dispatcher.php, line 87
[main] - ROOT/webroot/index.php, line 37



2016-01-17 14:59:15 Notice: Notice (8): Undefined variable: cakeDescription in [/home/mascha/workspace/adminsystems/src/Template/Layout/default.ctp, line 37]
Trace:
Cake\Error\BaseErrorHandler::handleError() - CORE/src/Error/BaseErrorHandler.php, line 140
include - APP/Template/Layout/default.ctp, line 37
Cake\View\View::_evaluate() - CORE/src/View/View.php, line 992
Cake\View\View::_render() - CORE/src/View/View.php, line 952
Cake\View\View::renderLayout() - CORE/src/View/View.php, line 633
Cake\View\View::render() - CORE/src/View/View.php, line 592
Cake\Controller\Controller::render() - CORE/src/Controller/Controller.php, line 611
Cake\Routing\Dispatcher::_invoke() - CORE/src/Routing/Dispatcher.php, line 120
Cake\Routing\Dispatcher::dispatch() - CORE/src/Routing/Dispatcher.php, line 87
[main] - ROOT/webroot/index.php, line 37



2016-01-17 14:59:17 Notice: Notice (8): Undefined variable: cakeDescription in [/home/mascha/workspace/adminsystems/src/Template/Layout/default.ctp, line 37]
Trace:
Cake\Error\BaseErrorHandler::handleError() - CORE/src/Error/BaseErrorHandler.php, line 140
include - APP/Template/Layout/default.ctp, line 37
Cake\View\View::_evaluate() - CORE/src/View/View.php, line 992
Cake\View\View::_render() - CORE/src/View/View.php, line 952
Cake\View\View::renderLayout() - CORE/src/View/View.php, line 633
Cake\View\View::render() - CORE/src/View/View.php, line 592
Cake\Controller\Controller::render() - CORE/src/Controller/Controller.php, line 611
Cake\Routing\Dispatcher::_invoke() - CORE/src/Routing/Dispatcher.php, line 120
Cake\Routing\Dispatcher::dispatch() - CORE/src/Routing/Dispatcher.php, line 87
[main] - ROOT/webroot/index.php, line 37



2016-01-17 14:59:21 Notice: Notice (8): Undefined variable: cakeDescription in [/home/mascha/workspace/adminsystems/src/Template/Layout/default.ctp, line 37]
Trace:
Cake\Error\BaseErrorHandler::handleError() - CORE/src/Error/BaseErrorHandler.php, line 140
include - APP/Template/Layout/default.ctp, line 37
Cake\View\View::_evaluate() - CORE/src/View/View.php, line 992
Cake\View\View::_render() - CORE/src/View/View.php, line 952
Cake\View\View::renderLayout() - CORE/src/View/View.php, line 633
Cake\View\View::render() - CORE/src/View/View.php, line 592
Cake\Controller\Controller::render() - CORE/src/Controller/Controller.php, line 611
Cake\Routing\Dispatcher::_invoke() - CORE/src/Routing/Dispatcher.php, line 120
Cake\Routing\Dispatcher::dispatch() - CORE/src/Routing/Dispatcher.php, line 87
[main] - ROOT/webroot/index.php, line 37



2016-01-17 14:59:33 Notice: Notice (8): Undefined variable: cakeDescription in [/home/mascha/workspace/adminsystems/src/Template/Layout/default.ctp, line 37]
Trace:
Cake\Error\BaseErrorHandler::handleError() - CORE/src/Error/BaseErrorHandler.php, line 140
include - APP/Template/Layout/default.ctp, line 37
Cake\View\View::_evaluate() - CORE/src/View/View.php, line 992
Cake\View\View::_render() - CORE/src/View/View.php, line 952
Cake\View\View::renderLayout() - CORE/src/View/View.php, line 633
Cake\View\View::render() - CORE/src/View/View.php, line 592
Cake\Controller\Controller::render() - CORE/src/Controller/Controller.php, line 611
Cake\Routing\Dispatcher::_invoke() - CORE/src/Routing/Dispatcher.php, line 120
Cake\Routing\Dispatcher::dispatch() - CORE/src/Routing/Dispatcher.php, line 87
[main] - ROOT/webroot/index.php, line 37



2016-01-17 14:59:34 Notice: Notice (8): Undefined variable: cakeDescription in [/home/mascha/workspace/adminsystems/src/Template/Layout/default.ctp, line 37]
Trace:
Cake\Error\BaseErrorHandler::handleError() - CORE/src/Error/BaseErrorHandler.php, line 140
include - APP/Template/Layout/default.ctp, line 37
Cake\View\View::_evaluate() - CORE/src/View/View.php, line 992
Cake\View\View::_render() - CORE/src/View/View.php, line 952
Cake\View\View::renderLayout() - CORE/src/View/View.php, line 633
Cake\View\View::render() - CORE/src/View/View.php, line 592
Cake\Controller\Controller::render() - CORE/src/Controller/Controller.php, line 611
Cake\Routing\Dispatcher::_invoke() - CORE/src/Routing/Dispatcher.php, line 120
Cake\Routing\Dispatcher::dispatch() - CORE/src/Routing/Dispatcher.php, line 87
[main] - ROOT/webroot/index.php, line 37



2016-01-17 15:00:16 Notice: Notice (8): Undefined variable: cakeDescription in [/home/mascha/workspace/adminsystems/src/Template/Layout/default.ctp, line 37]
Trace:
Cake\Error\BaseErrorHandler::handleError() - CORE/src/Error/BaseErrorHandler.php, line 140
include - APP/Template/Layout/default.ctp, line 37
Cake\View\View::_evaluate() - CORE/src/View/View.php, line 992
Cake\View\View::_render() - CORE/src/View/View.php, line 952
Cake\View\View::renderLayout() - CORE/src/View/View.php, line 633
Cake\View\View::render() - CORE/src/View/View.php, line 592
Cake\Controller\Controller::render() - CORE/src/Controller/Controller.php, line 611
Cake\Routing\Dispatcher::_invoke() - CORE/src/Routing/Dispatcher.php, line 120
Cake\Routing\Dispatcher::dispatch() - CORE/src/Routing/Dispatcher.php, line 87
[main] - ROOT/webroot/index.php, line 37



2016-01-17 15:00:20 Notice: Notice (8): Undefined variable: cakeDescription in [/home/mascha/workspace/adminsystems/src/Template/Layout/default.ctp, line 37]
Trace:
Cake\Error\BaseErrorHandler::handleError() - CORE/src/Error/BaseErrorHandler.php, line 140
include - APP/Template/Layout/default.ctp, line 37
Cake\View\View::_evaluate() - CORE/src/View/View.php, line 992
Cake\View\View::_render() - CORE/src/View/View.php, line 952
Cake\View\View::renderLayout() - CORE/src/View/View.php, line 633
Cake\View\View::render() - CORE/src/View/View.php, line 592
Cake\Controller\Controller::render() - CORE/src/Controller/Controller.php, line 611
Cake\Routing\Dispatcher::_invoke() - CORE/src/Routing/Dispatcher.php, line 120
Cake\Routing\Dispatcher::dispatch() - CORE/src/Routing/Dispatcher.php, line 87
[main] - ROOT/webroot/index.php, line 37



2016-01-17 15:00:21 Notice: Notice (8): Undefined variable: cakeDescription in [/home/mascha/workspace/adminsystems/src/Template/Layout/default.ctp, line 37]
Trace:
Cake\Error\BaseErrorHandler::handleError() - CORE/src/Error/BaseErrorHandler.php, line 140
include - APP/Template/Layout/default.ctp, line 37
Cake\View\View::_evaluate() - CORE/src/View/View.php, line 992
Cake\View\View::_render() - CORE/src/View/View.php, line 952
Cake\View\View::renderLayout() - CORE/src/View/View.php, line 633
Cake\View\View::render() - CORE/src/View/View.php, line 592
Cake\Controller\Controller::render() - CORE/src/Controller/Controller.php, line 611
Cake\Routing\Dispatcher::_invoke() - CORE/src/Routing/Dispatcher.php, line 120
Cake\Routing\Dispatcher::dispatch() - CORE/src/Routing/Dispatcher.php, line 87
[main] - ROOT/webroot/index.php, line 37



2016-01-17 15:00:23 Notice: Notice (8): Undefined variable: cakeDescription in [/home/mascha/workspace/adminsystems/src/Template/Layout/default.ctp, line 37]
Trace:
Cake\Error\BaseErrorHandler::handleError() - CORE/src/Error/BaseErrorHandler.php, line 140
include - APP/Template/Layout/default.ctp, line 37
Cake\View\View::_evaluate() - CORE/src/View/View.php, line 992
Cake\View\View::_render() - CORE/src/View/View.php, line 952
Cake\View\View::renderLayout() - CORE/src/View/View.php, line 633
Cake\View\View::render() - CORE/src/View/View.php, line 592
Cake\Controller\Controller::render() - CORE/src/Controller/Controller.php, line 611
Cake\Routing\Dispatcher::_invoke() - CORE/src/Routing/Dispatcher.php, line 120
Cake\Routing\Dispatcher::dispatch() - CORE/src/Routing/Dispatcher.php, line 87
[main] - ROOT/webroot/index.php, line 37



2016-01-17 15:01:02 Notice: Notice (8): Undefined variable: cakeDescription in [/home/mascha/workspace/adminsystems/src/Template/Layout/default.ctp, line 37]
Trace:
Cake\Error\BaseErrorHandler::handleError() - CORE/src/Error/BaseErrorHandler.php, line 140
include - APP/Template/Layout/default.ctp, line 37
Cake\View\View::_evaluate() - CORE/src/View/View.php, line 992
Cake\View\View::_render() - CORE/src/View/View.php, line 952
Cake\View\View::renderLayout() - CORE/src/View/View.php, line 633
Cake\View\View::render() - CORE/src/View/View.php, line 592
Cake\Controller\Controller::render() - CORE/src/Controller/Controller.php, line 611
Cake\Routing\Dispatcher::_invoke() - CORE/src/Routing/Dispatcher.php, line 120
Cake\Routing\Dispatcher::dispatch() - CORE/src/Routing/Dispatcher.php, line 87
[main] - ROOT/webroot/index.php, line 37



2016-01-17 15:01:08 Notice: Notice (8): Undefined variable: cakeDescription in [/home/mascha/workspace/adminsystems/src/Template/Layout/default.ctp, line 37]
Trace:
Cake\Error\BaseErrorHandler::handleError() - CORE/src/Error/BaseErrorHandler.php, line 140
include - APP/Template/Layout/default.ctp, line 37
Cake\View\View::_evaluate() - CORE/src/View/View.php, line 992
Cake\View\View::_render() - CORE/src/View/View.php, line 952
Cake\View\View::renderLayout() - CORE/src/View/View.php, line 633
Cake\View\View::render() - CORE/src/View/View.php, line 592
Cake\Controller\Controller::render() - CORE/src/Controller/Controller.php, line 611
Cake\Routing\Dispatcher::_invoke() - CORE/src/Routing/Dispatcher.php, line 120
Cake\Routing\Dispatcher::dispatch() - CORE/src/Routing/Dispatcher.php, line 87
[main] - ROOT/webroot/index.php, line 37



2016-01-17 15:08:13 Notice: Notice (8): Undefined variable: cakeDescription in [/home/mascha/workspace/adminsystems/src/Template/Layout/default.ctp, line 37]
Trace:
Cake\Error\BaseErrorHandler::handleError() - CORE/src/Error/BaseErrorHandler.php, line 140
include - APP/Template/Layout/default.ctp, line 37
Cake\View\View::_evaluate() - CORE/src/View/View.php, line 992
Cake\View\View::_render() - CORE/src/View/View.php, line 952
Cake\View\View::renderLayout() - CORE/src/View/View.php, line 633
Cake\View\View::render() - CORE/src/View/View.php, line 592
Cake\Controller\Controller::render() - CORE/src/Controller/Controller.php, line 611
Cake\Routing\Dispatcher::_invoke() - CORE/src/Routing/Dispatcher.php, line 120
Cake\Routing\Dispatcher::dispatch() - CORE/src/Routing/Dispatcher.php, line 87
[main] - ROOT/webroot/index.php, line 37



2016-01-17 15:08:14 Notice: Notice (8): Undefined variable: cakeDescription in [/home/mascha/workspace/adminsystems/src/Template/Layout/default.ctp, line 37]
Trace:
Cake\Error\BaseErrorHandler::handleError() - CORE/src/Error/BaseErrorHandler.php, line 140
include - APP/Template/Layout/default.ctp, line 37
Cake\View\View::_evaluate() - CORE/src/View/View.php, line 992
Cake\View\View::_render() - CORE/src/View/View.php, line 952
Cake\View\View::renderLayout() - CORE/src/View/View.php, line 633
Cake\View\View::render() - CORE/src/View/View.php, line 592
Cake\Controller\Controller::render() - CORE/src/Controller/Controller.php, line 611
Cake\Routing\Dispatcher::_invoke() - CORE/src/Routing/Dispatcher.php, line 120
Cake\Routing\Dispatcher::dispatch() - CORE/src/Routing/Dispatcher.php, line 87
[main] - ROOT/webroot/index.php, line 37



2016-01-17 15:08:29 Notice: Notice (8): Undefined variable: cakeDescription in [/home/mascha/workspace/adminsystems/src/Template/Layout/default.ctp, line 37]
Trace:
Cake\Error\BaseErrorHandler::handleError() - CORE/src/Error/BaseErrorHandler.php, line 140
include - APP/Template/Layout/default.ctp, line 37
Cake\View\View::_evaluate() - CORE/src/View/View.php, line 992
Cake\View\View::_render() - CORE/src/View/View.php, line 952
Cake\View\View::renderLayout() - CORE/src/View/View.php, line 633
Cake\View\View::render() - CORE/src/View/View.php, line 592
Cake\Controller\Controller::render() - CORE/src/Controller/Controller.php, line 611
Cake\Routing\Dispatcher::_invoke() - CORE/src/Routing/Dispatcher.php, line 120
Cake\Routing\Dispatcher::dispatch() - CORE/src/Routing/Dispatcher.php, line 87
[main] - ROOT/webroot/index.php, line 37



2016-01-17 15:08:30 Notice: Notice (8): Undefined variable: cakeDescription in [/home/mascha/workspace/adminsystems/src/Template/Layout/default.ctp, line 37]
Trace:
Cake\Error\BaseErrorHandler::handleError() - CORE/src/Error/BaseErrorHandler.php, line 140
include - APP/Template/Layout/default.ctp, line 37
Cake\View\View::_evaluate() - CORE/src/View/View.php, line 992
Cake\View\View::_render() - CORE/src/View/View.php, line 952
Cake\View\View::renderLayout() - CORE/src/View/View.php, line 633
Cake\View\View::render() - CORE/src/View/View.php, line 592
Cake\Controller\Controller::render() - CORE/src/Controller/Controller.php, line 611
Cake\Routing\Dispatcher::_invoke() - CORE/src/Routing/Dispatcher.php, line 120
Cake\Routing\Dispatcher::dispatch() - CORE/src/Routing/Dispatcher.php, line 87
[main] - ROOT/webroot/index.php, line 37



2016-01-17 15:08:54 Notice: Notice (8): Undefined variable: cakeDescription in [/home/mascha/workspace/adminsystems/src/Template/Layout/default.ctp, line 37]
Trace:
Cake\Error\BaseErrorHandler::handleError() - CORE/src/Error/BaseErrorHandler.php, line 140
include - APP/Template/Layout/default.ctp, line 37
Cake\View\View::_evaluate() - CORE/src/View/View.php, line 992
Cake\View\View::_render() - CORE/src/View/View.php, line 952
Cake\View\View::renderLayout() - CORE/src/View/View.php, line 633
Cake\View\View::render() - CORE/src/View/View.php, line 592
Cake\Controller\Controller::render() - CORE/src/Controller/Controller.php, line 611
Cake\Routing\Dispatcher::_invoke() - CORE/src/Routing/Dispatcher.php, line 120
Cake\Routing\Dispatcher::dispatch() - CORE/src/Routing/Dispatcher.php, line 87
[main] - ROOT/webroot/index.php, line 37



2016-01-17 15:09:08 Notice: Notice (8): Undefined variable: cakeDescription in [/home/mascha/workspace/adminsystems/src/Template/Layout/default.ctp, line 37]
Trace:
Cake\Error\BaseErrorHandler::handleError() - CORE/src/Error/BaseErrorHandler.php, line 140
include - APP/Template/Layout/default.ctp, line 37
Cake\View\View::_evaluate() - CORE/src/View/View.php, line 992
Cake\View\View::_render() - CORE/src/View/View.php, line 952
Cake\View\View::renderLayout() - CORE/src/View/View.php, line 633
Cake\View\View::render() - CORE/src/View/View.php, line 592
Cake\Controller\Controller::render() - CORE/src/Controller/Controller.php, line 611
Cake\Routing\Dispatcher::_invoke() - CORE/src/Routing/Dispatcher.php, line 120
Cake\Routing\Dispatcher::dispatch() - CORE/src/Routing/Dispatcher.php, line 87
[main] - ROOT/webroot/index.php, line 37



2016-01-17 15:09:09 Notice: Notice (8): Undefined variable: cakeDescription in [/home/mascha/workspace/adminsystems/src/Template/Layout/default.ctp, line 37]
Trace:
Cake\Error\BaseErrorHandler::handleError() - CORE/src/Error/BaseErrorHandler.php, line 140
include - APP/Template/Layout/default.ctp, line 37
Cake\View\View::_evaluate() - CORE/src/View/View.php, line 992
Cake\View\View::_render() - CORE/src/View/View.php, line 952
Cake\View\View::renderLayout() - CORE/src/View/View.php, line 633
Cake\View\View::render() - CORE/src/View/View.php, line 592
Cake\Controller\Controller::render() - CORE/src/Controller/Controller.php, line 611
Cake\Routing\Dispatcher::_invoke() - CORE/src/Routing/Dispatcher.php, line 120
Cake\Routing\Dispatcher::dispatch() - CORE/src/Routing/Dispatcher.php, line 87
[main] - ROOT/webroot/index.php, line 37



2016-01-17 15:09:16 Notice: Notice (8): Undefined variable: cakeDescription in [/home/mascha/workspace/adminsystems/src/Template/Layout/default.ctp, line 37]
Trace:
Cake\Error\BaseErrorHandler::handleError() - CORE/src/Error/BaseErrorHandler.php, line 140
include - APP/Template/Layout/default.ctp, line 37
Cake\View\View::_evaluate() - CORE/src/View/View.php, line 992
Cake\View\View::_render() - CORE/src/View/View.php, line 952
Cake\View\View::renderLayout() - CORE/src/View/View.php, line 633
Cake\View\View::render() - CORE/src/View/View.php, line 592
Cake\Controller\Controller::render() - CORE/src/Controller/Controller.php, line 611
Cake\Routing\Dispatcher::_invoke() - CORE/src/Routing/Dispatcher.php, line 120
Cake\Routing\Dispatcher::dispatch() - CORE/src/Routing/Dispatcher.php, line 87
[main] - ROOT/webroot/index.php, line 37



